<?xml version="1.0" encoding="UTF-8"?>
<testng-results skipped="0" failed="0" total="1" passed="1">
  <reporter-output>
  </reporter-output>
  <suite name="Default suite" duration-ms="1799" started-at="2018-07-13T00:31:18Z" finished-at="2018-07-13T00:31:19Z">
    <groups>
      <group name="cucumber">
        <method signature="SuiteRunnerTest.feature(cucumber.api.testng.CucumberFeatureWrapper)[pri:0, instance:com.automationframeworks.suiterunners.SuiteRunnerTest@6d4b1c02]" name="feature" class="com.automationframeworks.suiterunners.SuiteRunnerTest"/>
      </group> <!-- cucumber -->
    </groups>
    <test name="Default test" duration-ms="1799" started-at="2018-07-13T00:31:18Z" finished-at="2018-07-13T00:31:19Z">
      <class name="com.automationframeworks.suiterunners.SuiteRunnerTest">
        <test-method status="PASS" signature="setUpClass()[pri:0, instance:com.automationframeworks.suiterunners.SuiteRunnerTest@6d4b1c02]" name="setUpClass" is-config="true" duration-ms="479" started-at="2018-07-13T10:31:18Z" finished-at="2018-07-13T10:31:18Z">
          <reporter-output>
          </reporter-output>
        </test-method> <!-- setUpClass -->
        <test-method status="PASS" signature="feature(cucumber.api.testng.CucumberFeatureWrapper)[pri:0, instance:com.automationframeworks.suiterunners.SuiteRunnerTest@6d4b1c02]" name="feature" duration-ms="593" started-at="2018-07-13T10:31:18Z" description="Runs Cucumber Feature" data-provider="features" finished-at="2018-07-13T10:31:19Z">
          <params>
            <param index="0">
              <value>
                <![CDATA[Planit Automation Features]]>
              </value>
            </param>
          </params>
          <reporter-output>
          </reporter-output>
        </test-method> <!-- feature -->
        <test-method status="PASS" signature="tearDownClass()[pri:0, instance:com.automationframeworks.suiterunners.SuiteRunnerTest@6d4b1c02]" name="tearDownClass" is-config="true" duration-ms="573" started-at="2018-07-13T10:31:19Z" finished-at="2018-07-13T10:31:19Z">
          <reporter-output>
          </reporter-output>
        </test-method> <!-- tearDownClass -->
      </class> <!-- com.automationframeworks.suiterunners.SuiteRunnerTest -->
    </test> <!-- Default test -->
  </suite> <!-- Default suite -->
</testng-results>
